[INFO] 2025-06-27 02:22:01,963 - Extractor initialized with temp directory: C:\Users\DEV-LA\AppData\Local\Temp\tmp6iphr9zf and max frames: 1000
[INFO] 2025-06-27 02:22:01,963 - Loading config from: C:\Users\DEV-LA\Desktop\Son_Hali\2025\camera-movement-detection\config\settings.yaml
[INFO] 2025-06-27 02:22:01,963 - Video settings loaded. Max frames: 1000, Max uploads: 5
[INFO] 2025-06-27 02:22:01,963 - Video settings loaded. Max frames: 1000, Max uploads: 5
[INFO] 2025-06-27 02:22:01,963 - Configuration loaded. Detector: AbsDiff
[INFO] 2025-06-27 02:22:01,963 - InputValidator initialized. Allowed types: {'images': ['jpg', 'jpeg', 'png'], 'videos': ['mp4', 'avi']}, Min files: 1, Max files: 100, Max videos: 5
[INFO] 2025-06-27 02:22:01,963 - QueueManager initialized with max size: 5
[INFO] 2025-06-27 02:22:01,963 - QueueManager initialized with max size: 100
[INFO] 2025-06-27 02:22:03,029 - Extractor initialized with temp directory: C:\Users\DEV-LA\AppData\Local\Temp\tmpr57f3feq and max frames: 1000
[INFO] 2025-06-27 02:22:03,030 - Loading config from: C:\Users\DEV-LA\Desktop\Son_Hali\2025\camera-movement-detection\config\settings.yaml
[INFO] 2025-06-27 02:22:03,032 - Video settings loaded. Max frames: 1000, Max uploads: 5
[INFO] 2025-06-27 02:22:03,032 - Video settings loaded. Max frames: 1000, Max uploads: 5
[INFO] 2025-06-27 02:22:03,032 - Configuration loaded. Detector: AbsDiff
[INFO] 2025-06-27 02:22:03,032 - InputValidator initialized. Allowed types: {'images': ['jpg', 'jpeg', 'png'], 'videos': ['mp4', 'avi']}, Min files: 1, Max files: 100, Max videos: 5
[INFO] 2025-06-27 02:22:03,032 - QueueManager initialized with max size: 5
[INFO] 2025-06-27 02:22:03,032 - QueueManager initialized with max size: 100
[INFO] 2025-06-27 02:22:03,928 - Extractor initialized with temp directory: C:\Users\DEV-LA\AppData\Local\Temp\tmpl3f04qoy and max frames: 1000
[INFO] 2025-06-27 02:22:03,929 - Loading config from: C:\Users\DEV-LA\Desktop\Son_Hali\2025\camera-movement-detection\config\settings.yaml
[INFO] 2025-06-27 02:22:03,932 - Video settings loaded. Max frames: 1000, Max uploads: 5
[INFO] 2025-06-27 02:22:03,932 - Video settings loaded. Max frames: 1000, Max uploads: 5
[INFO] 2025-06-27 02:22:03,932 - Configuration loaded. Detector: AbsDiff
[INFO] 2025-06-27 02:22:03,932 - InputValidator initialized. Allowed types: {'images': ['jpg', 'jpeg', 'png'], 'videos': ['mp4', 'avi']}, Min files: 1, Max files: 100, Max videos: 5
[INFO] 2025-06-27 02:22:03,932 - QueueManager initialized with max size: 5
[INFO] 2025-06-27 02:22:03,932 - QueueManager initialized with max size: 100
[INFO] 2025-06-27 02:22:09,603 - Extractor initialized with temp directory: C:\Users\DEV-LA\AppData\Local\Temp\tmpwbkq99f8 and max frames: 1000
[INFO] 2025-06-27 02:22:09,603 - Loading config from: C:\Users\DEV-LA\Desktop\Son_Hali\2025\camera-movement-detection\config\settings.yaml
[INFO] 2025-06-27 02:22:09,603 - Video settings loaded. Max frames: 1000, Max uploads: 5
[INFO] 2025-06-27 02:22:09,603 - Video settings loaded. Max frames: 1000, Max uploads: 5
[INFO] 2025-06-27 02:22:09,603 - Configuration loaded. Detector: AbsDiff
[INFO] 2025-06-27 02:22:09,603 - InputValidator initialized. Allowed types: {'images': ['jpg', 'jpeg', 'png'], 'videos': ['mp4', 'avi']}, Min files: 1, Max files: 100, Max videos: 5
[INFO] 2025-06-27 02:22:09,603 - QueueManager initialized with max size: 5
[INFO] 2025-06-27 02:22:09,603 - QueueManager initialized with max size: 100
[INFO] 2025-06-27 02:22:09,636 - Validating 68 files...
[INFO] 2025-06-27 02:22:09,684 - All files passed validation.
[INFO] 2025-06-27 02:22:09,685 - ORB threshold updated via UI: 30
[INFO] 2025-06-27 02:22:09,685 - Creating detector: ORB
[INFO] 2025-06-27 02:22:09,685 - ORBDetector selected with threshold 30
[INFO] 2025-06-27 02:22:09,685 - ORBDetector initialized with threshold=30.
[INFO] 2025-06-27 02:22:09,686 - OpticalFlow threshold updated via UI: 1.0
[INFO] 2025-06-27 02:22:09,686 - Creating detector: OpticalFlow
[INFO] 2025-06-27 02:22:09,686 - OpticalFlow selected with threshold 1.0
[INFO] 2025-06-27 02:22:09,711 - Queue cleared.
[INFO] 2025-06-27 02:22:11,105 - Extracted 68 frames from images.
[INFO] 2025-06-27 02:22:11,126 - Starting ORB detection on 68 frames.
[INFO] 2025-06-27 02:22:11,155 - Significant movement detected at frame 1
[INFO] 2025-06-27 02:22:11,173 - Significant movement detected at frame 2
[INFO] 2025-06-27 02:22:11,191 - Significant movement detected at frame 3
[INFO] 2025-06-27 02:22:11,204 - Significant movement detected at frame 4
[INFO] 2025-06-27 02:22:11,224 - Significant movement detected at frame 5
[INFO] 2025-06-27 02:22:11,242 - Significant movement detected at frame 6
[INFO] 2025-06-27 02:22:11,259 - Significant movement detected at frame 7
[INFO] 2025-06-27 02:22:11,274 - Significant movement detected at frame 8
[INFO] 2025-06-27 02:22:11,292 - Significant movement detected at frame 9
[INFO] 2025-06-27 02:22:11,308 - Significant movement detected at frame 10
[INFO] 2025-06-27 02:22:11,326 - Significant movement detected at frame 11
[INFO] 2025-06-27 02:22:11,342 - Significant movement detected at frame 12
[INFO] 2025-06-27 02:22:11,358 - Significant movement detected at frame 13
[INFO] 2025-06-27 02:22:11,376 - Significant movement detected at frame 14
[INFO] 2025-06-27 02:22:11,392 - Significant movement detected at frame 15
[INFO] 2025-06-27 02:22:11,405 - Significant movement detected at frame 16
[INFO] 2025-06-27 02:22:11,423 - Significant movement detected at frame 17
[INFO] 2025-06-27 02:22:11,440 - Significant movement detected at frame 18
[INFO] 2025-06-27 02:22:11,459 - Significant movement detected at frame 19
[INFO] 2025-06-27 02:22:11,475 - Significant movement detected at frame 20
[INFO] 2025-06-27 02:22:11,489 - Significant movement detected at frame 21
[INFO] 2025-06-27 02:22:11,507 - Significant movement detected at frame 22
[INFO] 2025-06-27 02:22:11,522 - Significant movement detected at frame 23
[INFO] 2025-06-27 02:22:11,537 - Significant movement detected at frame 24
[INFO] 2025-06-27 02:22:11,555 - Significant movement detected at frame 25
[INFO] 2025-06-27 02:22:11,572 - Significant movement detected at frame 26
[INFO] 2025-06-27 02:22:11,586 - Significant movement detected at frame 27
[INFO] 2025-06-27 02:22:11,600 - Significant movement detected at frame 28
[INFO] 2025-06-27 02:22:11,620 - Significant movement detected at frame 29
[INFO] 2025-06-27 02:22:11,638 - Significant movement detected at frame 30
[INFO] 2025-06-27 02:22:11,655 - Significant movement detected at frame 31
[INFO] 2025-06-27 02:22:11,669 - Significant movement detected at frame 32
[INFO] 2025-06-27 02:22:11,687 - Significant movement detected at frame 33
[INFO] 2025-06-27 02:22:11,704 - Significant movement detected at frame 34
[INFO] 2025-06-27 02:22:11,718 - Significant movement detected at frame 35
[INFO] 2025-06-27 02:22:11,736 - Significant movement detected at frame 36
[INFO] 2025-06-27 02:22:11,753 - Significant movement detected at frame 37
[INFO] 2025-06-27 02:22:11,766 - Significant movement detected at frame 38
[INFO] 2025-06-27 02:22:11,786 - Significant movement detected at frame 39
[INFO] 2025-06-27 02:22:11,801 - Significant movement detected at frame 40
[INFO] 2025-06-27 02:22:11,821 - Significant movement detected at frame 41
[INFO] 2025-06-27 02:22:11,841 - Significant movement detected at frame 42
[INFO] 2025-06-27 02:22:11,858 - Significant movement detected at frame 43
[INFO] 2025-06-27 02:22:11,876 - Significant movement detected at frame 44
[INFO] 2025-06-27 02:22:11,892 - Significant movement detected at frame 45
[INFO] 2025-06-27 02:22:11,907 - Significant movement detected at frame 46
[INFO] 2025-06-27 02:22:11,924 - Significant movement detected at frame 47
[INFO] 2025-06-27 02:22:11,939 - Significant movement detected at frame 48
[INFO] 2025-06-27 02:22:11,955 - Significant movement detected at frame 49
[INFO] 2025-06-27 02:22:11,970 - Significant movement detected at frame 50
[INFO] 2025-06-27 02:22:11,987 - Significant movement detected at frame 51
[INFO] 2025-06-27 02:22:12,001 - Significant movement detected at frame 52
[INFO] 2025-06-27 02:22:12,017 - Significant movement detected at frame 53
[INFO] 2025-06-27 02:22:12,033 - Significant movement detected at frame 54
[INFO] 2025-06-27 02:22:12,049 - Significant movement detected at frame 55
[INFO] 2025-06-27 02:22:12,066 - Significant movement detected at frame 56
[INFO] 2025-06-27 02:22:12,080 - Significant movement detected at frame 57
[INFO] 2025-06-27 02:22:12,097 - Significant movement detected at frame 58
[INFO] 2025-06-27 02:22:12,112 - Significant movement detected at frame 59
[INFO] 2025-06-27 02:22:12,128 - Significant movement detected at frame 60
[INFO] 2025-06-27 02:22:12,146 - Significant movement detected at frame 61
[INFO] 2025-06-27 02:22:12,162 - Significant movement detected at frame 62
[INFO] 2025-06-27 02:22:12,177 - Significant movement detected at frame 63
[INFO] 2025-06-27 02:22:12,195 - Significant movement detected at frame 64
[INFO] 2025-06-27 02:22:12,212 - Significant movement detected at frame 65
[INFO] 2025-06-27 02:22:12,229 - Significant movement detected at frame 66
[INFO] 2025-06-27 02:22:12,244 - Significant movement detected at frame 67
[INFO] 2025-06-27 02:22:12,245 - ORB detection complete. Movement detected 67 frames
[INFO] 2025-06-27 02:22:12,245 - OpticalFlowDetector started.
[INFO] 2025-06-27 02:22:12,310 - Movement detected at frame 2 with score 7.03
[INFO] 2025-06-27 02:22:12,343 - Movement detected at frame 3 with score 7.37
[INFO] 2025-06-27 02:22:12,379 - Movement detected at frame 4 with score 7.32
[INFO] 2025-06-27 02:22:12,419 - Movement detected at frame 5 with score 7.32
[INFO] 2025-06-27 02:22:12,458 - Movement detected at frame 6 with score 8.37
[INFO] 2025-06-27 02:22:12,494 - Movement detected at frame 7 with score 10.43
[INFO] 2025-06-27 02:22:12,528 - Movement detected at frame 8 with score 10.20
[INFO] 2025-06-27 02:22:12,560 - Movement detected at frame 9 with score 9.93
[INFO] 2025-06-27 02:22:12,590 - Movement detected at frame 10 with score 8.60
[INFO] 2025-06-27 02:22:12,623 - Movement detected at frame 11 with score 5.85
[INFO] 2025-06-27 02:22:12,660 - Movement detected at frame 12 with score 5.05
[INFO] 2025-06-27 02:22:12,696 - Movement detected at frame 13 with score 3.64
[INFO] 2025-06-27 02:22:12,731 - Movement detected at frame 14 with score 4.14
[INFO] 2025-06-27 02:22:12,765 - Movement detected at frame 15 with score 3.90
[INFO] 2025-06-27 02:22:12,799 - Movement detected at frame 16 with score 5.70
[INFO] 2025-06-27 02:22:12,831 - Movement detected at frame 17 with score 5.65
[INFO] 2025-06-27 02:22:12,864 - Movement detected at frame 18 with score 5.60
[INFO] 2025-06-27 02:22:12,897 - Movement detected at frame 19 with score 2.62
[INFO] 2025-06-27 02:22:12,939 - Movement detected at frame 20 with score 4.99
[INFO] 2025-06-27 02:22:12,976 - Movement detected at frame 21 with score 7.72
[INFO] 2025-06-27 02:22:13,013 - Movement detected at frame 22 with score 9.04
[INFO] 2025-06-27 02:22:13,048 - Movement detected at frame 23 with score 8.43
[INFO] 2025-06-27 02:22:13,077 - Movement detected at frame 24 with score 6.35
[INFO] 2025-06-27 02:22:13,112 - Movement detected at frame 25 with score 7.11
[INFO] 2025-06-27 02:22:13,144 - Movement detected at frame 26 with score 7.76
[INFO] 2025-06-27 02:22:13,180 - Movement detected at frame 27 with score 7.53
[INFO] 2025-06-27 02:22:13,215 - Movement detected at frame 28 with score 4.86
[INFO] 2025-06-27 02:22:13,255 - Movement detected at frame 29 with score 6.53
[INFO] 2025-06-27 02:22:13,287 - Movement detected at frame 30 with score 5.50
[INFO] 2025-06-27 02:22:13,317 - Movement detected at frame 31 with score 4.55
[INFO] 2025-06-27 02:22:13,348 - Movement detected at frame 32 with score 3.16
[INFO] 2025-06-27 02:22:13,381 - Movement detected at frame 33 with score 2.04
[INFO] 2025-06-27 02:22:13,413 - Movement detected at frame 34 with score 3.90
[INFO] 2025-06-27 02:22:13,444 - Movement detected at frame 35 with score 6.18
[INFO] 2025-06-27 02:22:13,472 - Movement detected at frame 36 with score 7.71
[INFO] 2025-06-27 02:22:13,508 - Movement detected at frame 37 with score 6.74
[INFO] 2025-06-27 02:22:13,538 - Movement detected at frame 38 with score 5.66
[INFO] 2025-06-27 02:22:13,571 - Movement detected at frame 39 with score 2.44
[INFO] 2025-06-27 02:22:13,602 - Movement detected at frame 40 with score 2.69
[INFO] 2025-06-27 02:22:13,633 - Movement detected at frame 41 with score 1.76
[INFO] 2025-06-27 02:22:13,664 - Movement detected at frame 42 with score 3.69
[INFO] 2025-06-27 02:22:13,696 - Movement detected at frame 43 with score 5.28
[INFO] 2025-06-27 02:22:13,730 - Movement detected at frame 44 with score 4.69
[INFO] 2025-06-27 02:22:13,763 - Movement detected at frame 45 with score 4.47
[INFO] 2025-06-27 02:22:13,797 - Movement detected at frame 46 with score 2.27
[INFO] 2025-06-27 02:22:13,831 - Movement detected at frame 47 with score 2.44
[INFO] 2025-06-27 02:22:13,863 - Movement detected at frame 48 with score 4.78
[INFO] 2025-06-27 02:22:13,893 - Movement detected at frame 49 with score 6.75
[INFO] 2025-06-27 02:22:13,924 - Movement detected at frame 50 with score 5.54
[INFO] 2025-06-27 02:22:13,954 - Movement detected at frame 51 with score 4.74
[INFO] 2025-06-27 02:22:13,986 - Movement detected at frame 52 with score 3.22
[INFO] 2025-06-27 02:22:14,012 - Movement detected at frame 53 with score 1.88
[INFO] 2025-06-27 02:22:14,049 - Movement detected at frame 54 with score 4.50
[INFO] 2025-06-27 02:22:14,078 - Movement detected at frame 55 with score 6.29
[INFO] 2025-06-27 02:22:14,117 - Movement detected at frame 56 with score 5.73
[INFO] 2025-06-27 02:22:14,153 - Movement detected at frame 57 with score 6.37
[INFO] 2025-06-27 02:22:14,189 - Movement detected at frame 58 with score 8.27
[INFO] 2025-06-27 02:22:14,222 - Movement detected at frame 59 with score 5.84
[INFO] 2025-06-27 02:22:14,253 - Movement detected at frame 60 with score 4.91
[INFO] 2025-06-27 02:22:14,285 - Movement detected at frame 61 with score 6.97
[INFO] 2025-06-27 02:22:14,316 - Movement detected at frame 62 with score 7.83
[INFO] 2025-06-27 02:22:14,349 - Movement detected at frame 63 with score 11.74
[INFO] 2025-06-27 02:22:14,380 - Movement detected at frame 64 with score 9.97
[INFO] 2025-06-27 02:22:14,414 - Movement detected at frame 65 with score 6.70
[INFO] 2025-06-27 02:22:14,451 - Movement detected at frame 66 with score 11.86
[INFO] 2025-06-27 02:22:14,485 - Movement detected at frame 67 with score 6.68
[INFO] 2025-06-27 02:22:14,514 - OpticalFlowDetector completed. Detected 66 frame(s).
[INFO] 2025-06-27 02:22:15,915 - Extracted 68 frames from images.
[INFO] 2025-06-27 02:22:31,087 - Extractor initialized with temp directory: C:\Users\DEV-LA\AppData\Local\Temp\tmprlcqr9c_ and max frames: 1000
[INFO] 2025-06-27 02:22:31,088 - Loading config from: C:\Users\DEV-LA\Desktop\Son_Hali\2025\camera-movement-detection\config\settings.yaml
[INFO] 2025-06-27 02:22:31,090 - Video settings loaded. Max frames: 1000, Max uploads: 5
[INFO] 2025-06-27 02:22:31,090 - Video settings loaded. Max frames: 1000, Max uploads: 5
[INFO] 2025-06-27 02:22:31,091 - Configuration loaded. Detector: AbsDiff
[INFO] 2025-06-27 02:22:31,091 - InputValidator initialized. Allowed types: {'images': ['jpg', 'jpeg', 'png'], 'videos': ['mp4', 'avi']}, Min files: 1, Max files: 100, Max videos: 5
[INFO] 2025-06-27 02:22:31,091 - QueueManager initialized with max size: 5
[INFO] 2025-06-27 02:22:31,091 - QueueManager initialized with max size: 100
[INFO] 2025-06-27 02:22:31,094 - Queue cleared.
[INFO] 2025-06-27 02:22:31,095 - Queue cleared.
[INFO] 2025-06-27 02:22:31,113 - Extractor initialized with temp directory: C:\Users\DEV-LA\AppData\Local\Temp\tmp7_kzbsbr and max frames: 1000
[INFO] 2025-06-27 02:22:31,113 - Loading config from: C:\Users\DEV-LA\Desktop\Son_Hali\2025\camera-movement-detection\config\settings.yaml
[INFO] 2025-06-27 02:22:31,119 - Video settings loaded. Max frames: 1000, Max uploads: 5
[INFO] 2025-06-27 02:22:31,119 - Video settings loaded. Max frames: 1000, Max uploads: 5
[INFO] 2025-06-27 02:22:31,119 - Configuration loaded. Detector: AbsDiff
[INFO] 2025-06-27 02:22:31,120 - InputValidator initialized. Allowed types: {'images': ['jpg', 'jpeg', 'png'], 'videos': ['mp4', 'avi']}, Min files: 1, Max files: 100, Max videos: 5
[INFO] 2025-06-27 02:22:31,120 - QueueManager initialized with max size: 5
[INFO] 2025-06-27 02:22:31,120 - QueueManager initialized with max size: 100
